<?xml version="1.0" encoding="UTF-8"?>
<!-- Generated by org.testng.reporters.JUnitReportReporter -->
<testsuite hostname="DESKTOP-5JUK7N0" failures="0" tests="6" name="test.ConvertTest" time="185.491" errors="0" timestamp="2022-09-25T22:02:40 IST" skipped="0">
  <testcase classname="test.ConvertTest" name="convertCorency" time="36.653"/>
  <system-out/>
  <testcase classname="test.ConvertTest" name="convertCorency" time="25.132"/>
  <system-out/>
  <testcase classname="test.ConvertTest" name="convertCorency" time="26.642"/>
  <system-out/>
  <testcase classname="test.ConvertTest" name="convertCorency" time="44.794"/>
  <system-out/>
  <testcase classname="test.ConvertTest" name="convertCorency" time="27.524"/>
  <system-out/>
  <testcase classname="test.ConvertTest" name="convertCorency" time="24.746"/>
  <system-out/>
</testsuite> <!-- test.ConvertTest -->
