<?xml version="1.0" encoding="UTF-8"?>
<!-- Generated by org.testng.reporters.JUnitReportReporter -->
<testsuite hostname="DESKTOP-5JUK7N0" failures="0" tests="3" name="TestCorrency" time="65.376" errors="0" timestamp="2022-09-25T09:03:36 IST" skipped="0">
  <testcase classname="TestCorrency" name="convertCorency" time="21.361"/>
  <system-out/>
  <testcase classname="TestCorrency" name="convertCorency" time="23.783"/>
  <system-out/>
  <testcase classname="TestCorrency" name="convertCorency" time="20.232"/>
  <system-out/>
</testsuite> <!-- TestCorrency -->
